<?xml version="1.0" encoding="UTF-8"?>
<!-- Generated by org.testng.reporters.JUnitReportReporter -->
<testsuite hostname="LAPTOP-IDMVG1HM" failures="0" tests="1" name="FourthClassTest" time="0.008" errors="0" timestamp="2023-11-04T13:20:58 IST" skipped="0">
  <testcase classname="FourthClassTest" name="fourmethod" time="0.008"/>
  <system-out/>
</testsuite> <!-- FourthClassTest -->
